# JRE version: Java(TM) SE Runtime Environment (8.0_102-b14) (build 1.8.0_102-b14)
# Java VM: Java HotSpot(TM) 64-Bit Server VM (25.102-b14 mixed mode linux-amd64 compressed oops)
Heap:
 PSYoungGen      total 9216K, used 4719K [0x00000000f6780000, 0x00000000f7880000, 0x0000000100000000)
  eden space 8192K, 45% used [0x00000000f6780000,0x00000000f6b1fde0,0x00000000f6f80000)
  from space 1024K, 98% used [0x00000000f6f80000,0x00000000f707c010,0x00000000f7080000)
  to   space 3072K, 0% used [0x00000000f7580000,0x00000000f7580000,0x00000000f7880000)
 ParOldGen       total 20480K, used 2391K [0x00000000e3600000, 0x00000000e4a00000, 0x00000000f6780000)
  object space 20480K, 11% used [0x00000000e3600000,0x00000000e3855f58,0x00000000e4a00000)
 Metaspace       used 17365K, capacity 17630K, committed 17920K, reserved 1064960K
  class space    used 2131K, capacity 2235K, committed 2304K, reserved 1048576K
GC Heap History (10 events):
Event: 0.974 GC heap before
{Heap before GC invocations=1 (full 0):
 PSYoungGen      total 9216K, used 8192K [0x00000000f6780000, 0x00000000f7180000, 0x0000000100000000)
  eden space 8192K, 100% used [0x00000000f6780000,0x00000000f6f80000,0x00000000f6f80000)
  from space 1024K, 0% used [0x00000000f7080000,0x00000000f7080000,0x00000000f7180000)
  to   space 1024K, 0% used [0x00000000f6f80000,0x00000000f6f80000,0x00000000f7080000)
 ParOldGen       total 20480K, used 0K [0x00000000e3600000, 0x00000000e4a00000, 0x00000000f6780000)
  object space 20480K, 0% used [0x00000000e3600000,0x00000000e3600000,0x00000000e4a00000)
 Metaspace       used 13248K, capacity 13500K, committed 13824K, reserved 1060864K
  class space    used 1651K, capacity 1740K, committed 1792K, reserved 1048576K
Event: 0.984 GC heap after
Heap after GC invocations=1 (full 0):
 PSYoungGen      total 9216K, used 1010K [0x00000000f6780000, 0x00000000f7980000, 0x0000000100000000)
  eden space 8192K, 0% used [0x00000000f6780000,0x00000000f6780000,0x00000000f6f80000)
  from space 1024K, 98% used [0x00000000f6f80000,0x00000000f707c820,0x00000000f7080000)
  to   space 1024K, 0% used [0x00000000f7880000,0x00000000f7880000,0x00000000f7980000)
 ParOldGen       total 20480K, used 1486K [0x00000000e3600000, 0x00000000e4a00000, 0x00000000f6780000)
  object space 20480K, 7% used [0x00000000e3600000,0x00000000e37739f0,0x00000000e4a00000)
 Metaspace       used 13248K, capacity 13500K, committed 13824K, reserved 1060864K
  class space    used 1651K, capacity 1740K, committed 1792K, reserved 1048576K
}
Event: 19.840 GC heap before
{Heap before GC invocations=2 (full 0):
 PSYoungGen      total 9216K, used 9202K [0x00000000f6780000, 0x00000000f7980000, 0x0000000100000000)
  eden space 8192K, 100% used [0x00000000f6780000,0x00000000f6f80000,0x00000000f6f80000)
  from space 1024K, 98% used [0x00000000f6f80000,0x00000000f707c820,0x00000000f7080000)
  to   space 1024K, 0% used [0x00000000f7880000,0x00000000f7880000,0x00000000f7980000)
 ParOldGen       total 20480K, used 1486K [0x00000000e3600000, 0x00000000e4a00000, 0x00000000f6780000)
  object space 20480K, 7% used [0x00000000e3600000,0x00000000e37739f0,0x00000000e4a00000)
 Metaspace       used 15592K, capacity 15846K, committed 16128K, reserved 1062912K
  class space    used 1909K, capacity 2007K, committed 2048K, reserved 1048576K
Event: 19.847 GC heap after
Heap after GC invocations=2 (full 0):
 PSYoungGen      total 9216K, used 1008K [0x00000000f6780000, 0x00000000f7980000, 0x0000000100000000)
  eden space 8192K, 0% used [0x00000000f6780000,0x00000000f6780000,0x00000000f6f80000)
  from space 1024K, 98% used [0x00000000f7880000,0x00000000f797c010,0x00000000f7980000)
  to   space 1024K, 0% used [0x00000000f6f80000,0x00000000f6f80000,0x00000000f7080000)
 ParOldGen       total 20480K, used 1947K [0x00000000e3600000, 0x00000000e4a00000, 0x00000000f6780000)
  object space 20480K, 9% used [0x00000000e3600000,0x00000000e37e6d28,0x00000000e4a00000)
 Metaspace       used 15592K, capacity 15846K, committed 16128K, reserved 1062912K
  class space    used 1909K, capacity 2007K, committed 2048K, reserved 1048576K
}
Event: 25.612 GC heap before
{Heap before GC invocations=3 (full 0):
 PSYoungGen      total 9216K, used 9200K [0x00000000f6780000, 0x00000000f7980000, 0x0000000100000000)
  eden space 8192K, 100% used [0x00000000f6780000,0x00000000f6f80000,0x00000000f6f80000)
  from space 1024K, 98% used [0x00000000f7880000,0x00000000f797c010,0x00000000f7980000)
  to   space 1024K, 0% used [0x00000000f6f80000,0x00000000f6f80000,0x00000000f7080000)
 ParOldGen       total 20480K, used 1947K [0x00000000e3600000, 0x00000000e4a00000, 0x00000000f6780000)
  object space 20480K, 9% used [0x00000000e3600000,0x00000000e37e6d28,0x00000000e4a00000)
 Metaspace       used 15703K, capacity 15910K, committed 16128K, reserved 1062912K
  class space    used 1910K, capacity 2007K, committed 2048K, reserved 1048576K
Event: 25.621 GC heap after
Heap after GC invocations=3 (full 0):
 PSYoungGen      total 9216K, used 1008K [0x00000000f6780000, 0x00000000f7900000, 0x0000000100000000)
  eden space 8192K, 0% used [0x00000000f6780000,0x00000000f6780000,0x00000000f6f80000)
  from space 1024K, 98% used [0x00000000f6f80000,0x00000000f707c010,0x00000000f7080000)
  to   space 1024K, 0% used [0x00000000f7800000,0x00000000f7800000,0x00000000f7900000)
 ParOldGen       total 20480K, used 1955K [0x00000000e3600000, 0x00000000e4a00000, 0x00000000f6780000)
  object space 20480K, 9% used [0x00000000e3600000,0x00000000e37e8d28,0x00000000e4a00000)
 Metaspace       used 15703K, capacity 15910K, committed 16128K, reserved 1062912K
  class space    used 1910K, capacity 2007K, committed 2048K, reserved 1048576K
}
Event: 80.098 GC heap before
{Heap before GC invocations=4 (full 0):
 PSYoungGen      total 9216K, used 9200K [0x00000000f6780000, 0x00000000f7900000, 0x0000000100000000)
  eden space 8192K, 100% used [0x00000000f6780000,0x00000000f6f80000,0x00000000f6f80000)
  from space 1024K, 98% used [0x00000000f6f80000,0x00000000f707c010,0x00000000f7080000)
  to   space 1024K, 0% used [0x00000000f7800000,0x00000000f7800000,0x00000000f7900000)
 ParOldGen       total 20480K, used 1955K [0x00000000e3600000, 0x00000000e4a00000, 0x00000000f6780000)
  object space 20480K, 9% used [0x00000000e3600000,0x00000000e37e8d28,0x00000000e4a00000)
 Metaspace       used 17323K, capacity 17566K, committed 17920K, reserved 1064960K
  class space    used 2130K, capacity 2235K, committed 2304K, reserved 1048576K
Event: 80.109 GC heap after
Heap after GC invocations=4 (full 0):
 PSYoungGen      total 9216K, used 1008K [0x00000000f6780000, 0x00000000f7900000, 0x0000000100000000)
  eden space 8192K, 0% used [0x00000000f6780000,0x00000000f6780000,0x00000000f6f80000)
  from space 1024K, 98% used [0x00000000f7800000,0x00000000f78fc010,0x00000000f7900000)
  to   space 1024K, 0% used [0x00000000f6f80000,0x00000000f6f80000,0x00000000f7080000)
 ParOldGen       total 20480K, used 2391K [0x00000000e3600000, 0x00000000e4a00000, 0x00000000f6780000)
  object space 20480K, 11% used [0x00000000e3600000,0x00000000e3855f58,0x00000000e4a00000)
 Metaspace       used 17323K, capacity 17566K, committed 17920K, reserved 1064960K
  class space    used 2130K, capacity 2235K, committed 2304K, reserved 1048576K
}
Event: 81.346 GC heap before
{Heap before GC invocations=5 (full 0):
 PSYoungGen      total 9216K, used 9200K [0x00000000f6780000, 0x00000000f7900000, 0x0000000100000000)
  eden space 8192K, 100% used [0x00000000f6780000,0x00000000f6f80000,0x00000000f6f80000)
  from space 1024K, 98% used [0x00000000f7800000,0x00000000f78fc010,0x00000000f7900000)
  to   space 1024K, 0% used [0x00000000f6f80000,0x00000000f6f80000,0x00000000f7080000)
 ParOldGen       total 20480K, used 2391K [0x00000000e3600000, 0x00000000e4a00000, 0x00000000f6780000)
  object space 20480K, 11% used [0x00000000e3600000,0x00000000e3855f58,0x00000000e4a00000)
 Metaspace       used 17353K, capacity 17630K, committed 17920K, reserved 1064960K
  class space    used 2131K, capacity 2235K, committed 2304K, reserved 1048576K
Event: 81.356 GC heap after
Heap after GC invocations=5 (full 0):
 PSYoungGen      total 9216K, used 1008K [0x00000000f6780000, 0x00000000f7880000, 0x0000000100000000)
  eden space 8192K, 0% used [0x00000000f6780000,0x00000000f6780000,0x00000000f6f80000)
  from space 1024K, 98% used [0x00000000f6f80000,0x00000000f707c010,0x00000000f7080000)
  to   space 3072K, 0% used [0x00000000f7580000,0x00000000f7580000,0x00000000f7880000)
 ParOldGen       total 20480K, used 2391K [0x00000000e3600000, 0x00000000e4a00000, 0x00000000f6780000)
  object space 20480K, 11% used [0x00000000e3600000,0x00000000e3855f58,0x00000000e4a00000)
 Metaspace       used 17353K, capacity 17630K, committed 17920K, reserved 1064960K
  class space    used 2131K, capacity 2235K, committed 2304K, reserved 1048576K
}

