# JRE version: Java(TM) SE Runtime Environment (8.0_102-b14) (build 1.8.0_102-b14)
# Java VM: Java HotSpot(TM) 64-Bit Server VM (25.102-b14 mixed mode linux-amd64 compressed oops)
Heap:
 PSYoungGen      total 9216K, used 5444K [0x00000000f6780000, 0x00000000f7980000, 0x0000000100000000)
  eden space 8192K, 54% used [0x00000000f6780000,0x00000000f6bd9020,0x00000000f6f80000)
  from space 1024K, 96% used [0x00000000f6f80000,0x00000000f7078020,0x00000000f7080000)
  to   space 1024K, 0% used [0x00000000f7880000,0x00000000f7880000,0x00000000f7980000)
 ParOldGen       total 20480K, used 1982K [0x00000000e3600000, 0x00000000e4a00000, 0x00000000f6780000)
  object space 20480K, 9% used [0x00000000e3600000,0x00000000e37efb88,0x00000000e4a00000)
 Metaspace       used 15673K, capacity 15910K, committed 16128K, reserved 1062912K
  class space    used 1919K, capacity 2007K, committed 2048K, reserved 1048576K
GC Heap History (6 events):
Event: 0.942 GC heap before
{Heap before GC invocations=1 (full 0):
 PSYoungGen      total 9216K, used 8192K [0x00000000f6780000, 0x00000000f7180000, 0x0000000100000000)
  eden space 8192K, 100% used [0x00000000f6780000,0x00000000f6f80000,0x00000000f6f80000)
  from space 1024K, 0% used [0x00000000f7080000,0x00000000f7080000,0x00000000f7180000)
  to   space 1024K, 0% used [0x00000000f6f80000,0x00000000f6f80000,0x00000000f7080000)
 ParOldGen       total 20480K, used 0K [0x00000000e3600000, 0x00000000e4a00000, 0x00000000f6780000)
  object space 20480K, 0% used [0x00000000e3600000,0x00000000e3600000,0x00000000e4a00000)
 Metaspace       used 13255K, capacity 13500K, committed 13824K, reserved 1060864K
  class space    used 1666K, capacity 1740K, committed 1792K, reserved 1048576K
Event: 0.952 GC heap after
Heap after GC invocations=1 (full 0):
 PSYoungGen      total 9216K, used 1010K [0x00000000f6780000, 0x00000000f7980000, 0x0000000100000000)
  eden space 8192K, 0% used [0x00000000f6780000,0x00000000f6780000,0x00000000f6f80000)
  from space 1024K, 98% used [0x00000000f6f80000,0x00000000f707c820,0x00000000f7080000)
  to   space 1024K, 0% used [0x00000000f7880000,0x00000000f7880000,0x00000000f7980000)
 ParOldGen       total 20480K, used 1498K [0x00000000e3600000, 0x00000000e4a00000, 0x00000000f6780000)
  object space 20480K, 7% used [0x00000000e3600000,0x00000000e3776870,0x00000000e4a00000)
 Metaspace       used 13255K, capacity 13500K, committed 13824K, reserved 1060864K
  class space    used 1666K, capacity 1740K, committed 1792K, reserved 1048576K
}
Event: 18.782 GC heap before
{Heap before GC invocations=2 (full 0):
 PSYoungGen      total 9216K, used 9202K [0x00000000f6780000, 0x00000000f7980000, 0x0000000100000000)
  eden space 8192K, 100% used [0x00000000f6780000,0x00000000f6f80000,0x00000000f6f80000)
  from space 1024K, 98% used [0x00000000f6f80000,0x00000000f707c820,0x00000000f7080000)
  to   space 1024K, 0% used [0x00000000f7880000,0x00000000f7880000,0x00000000f7980000)
 ParOldGen       total 20480K, used 1498K [0x00000000e3600000, 0x00000000e4a00000, 0x00000000f6780000)
  object space 20480K, 7% used [0x00000000e3600000,0x00000000e3776870,0x00000000e4a00000)
 Metaspace       used 15390K, capacity 15590K, committed 15872K, reserved 1062912K
  class space    used 1918K, capacity 2007K, committed 2048K, reserved 1048576K
Event: 18.794 GC heap after
Heap after GC invocations=2 (full 0):
 PSYoungGen      total 9216K, used 992K [0x00000000f6780000, 0x00000000f7980000, 0x0000000100000000)
  eden space 8192K, 0% used [0x00000000f6780000,0x00000000f6780000,0x00000000f6f80000)
  from space 1024K, 96% used [0x00000000f7880000,0x00000000f7978020,0x00000000f7980000)
  to   space 1024K, 0% used [0x00000000f6f80000,0x00000000f6f80000,0x00000000f7080000)
 ParOldGen       total 20480K, used 1974K [0x00000000e3600000, 0x00000000e4a00000, 0x00000000f6780000)
  object space 20480K, 9% used [0x00000000e3600000,0x00000000e37edb88,0x00000000e4a00000)
 Metaspace       used 15390K, capacity 15590K, committed 15872K, reserved 1062912K
  class space    used 1918K, capacity 2007K, committed 2048K, reserved 1048576K
}
Event: 18.889 GC heap before
{Heap before GC invocations=3 (full 0):
 PSYoungGen      total 9216K, used 9184K [0x00000000f6780000, 0x00000000f7980000, 0x0000000100000000)
  eden space 8192K, 100% used [0x00000000f6780000,0x00000000f6f80000,0x00000000f6f80000)
  from space 1024K, 96% used [0x00000000f7880000,0x00000000f7978020,0x00000000f7980000)
  to   space 1024K, 0% used [0x00000000f6f80000,0x00000000f6f80000,0x00000000f7080000)
 ParOldGen       total 20480K, used 1974K [0x00000000e3600000, 0x00000000e4a00000, 0x00000000f6780000)
  object space 20480K, 9% used [0x00000000e3600000,0x00000000e37edb88,0x00000000e4a00000)
 Metaspace       used 15420K, capacity 15654K, committed 15872K, reserved 1062912K
  class space    used 1918K, capacity 2007K, committed 2048K, reserved 1048576K
Event: 18.893 GC heap after
Heap after GC invocations=3 (full 0):
 PSYoungGen      total 9216K, used 992K [0x00000000f6780000, 0x00000000f7980000, 0x0000000100000000)
  eden space 8192K, 0% used [0x00000000f6780000,0x00000000f6780000,0x00000000f6f80000)
  from space 1024K, 96% used [0x00000000f6f80000,0x00000000f7078020,0x00000000f7080000)
  to   space 1024K, 0% used [0x00000000f7880000,0x00000000f7880000,0x00000000f7980000)
 ParOldGen       total 20480K, used 1982K [0x00000000e3600000, 0x00000000e4a00000, 0x00000000f6780000)
  object space 20480K, 9% used [0x00000000e3600000,0x00000000e37efb88,0x00000000e4a00000)
 Metaspace       used 15420K, capacity 15654K, committed 15872K, reserved 1062912K
  class space    used 1918K, capacity 2007K, committed 2048K, reserved 1048576K
}

