# JRE version: Java(TM) SE Runtime Environment (8.0_102-b14) (build 1.8.0_102-b14)
# Java VM: Java HotSpot(TM) 64-Bit Server VM (25.102-b14 mixed mode linux-amd64 compressed oops)
Heap:
 PSYoungGen      total 9216K, used 3001K [0x00000000f6780000, 0x00000000f7180000, 0x0000000100000000)
  eden space 8192K, 24% used [0x00000000f6780000,0x00000000f6971db0,0x00000000f6f80000)
  from space 1024K, 98% used [0x00000000f7080000,0x00000000f717c840,0x00000000f7180000)
  to   space 1024K, 0% used [0x00000000f6f80000,0x00000000f6f80000,0x00000000f7080000)
 ParOldGen       total 20480K, used 1939K [0x00000000e3600000, 0x00000000e4a00000, 0x00000000f6780000)
  object space 20480K, 9% used [0x00000000e3600000,0x00000000e37e4cb8,0x00000000e4a00000)
 Metaspace       used 15570K, capacity 15766K, committed 16128K, reserved 1062912K
  class space    used 1918K, capacity 2007K, committed 2048K, reserved 1048576K
GC Heap History (8 events):
Event: 5.506 GC heap before
{Heap before GC invocations=1 (full 0):
 PSYoungGen      total 9216K, used 8192K [0x00000000f6780000, 0x00000000f7180000, 0x0000000100000000)
  eden space 8192K, 100% used [0x00000000f6780000,0x00000000f6f80000,0x00000000f6f80000)
  from space 1024K, 0% used [0x00000000f7080000,0x00000000f7080000,0x00000000f7180000)
  to   space 1024K, 0% used [0x00000000f6f80000,0x00000000f6f80000,0x00000000f7080000)
 ParOldGen       total 20480K, used 0K [0x00000000e3600000, 0x00000000e4a00000, 0x00000000f6780000)
  object space 20480K, 0% used [0x00000000e3600000,0x00000000e3600000,0x00000000e4a00000)
 Metaspace       used 13295K, capacity 13548K, committed 13824K, reserved 1060864K
  class space    used 1666K, capacity 1740K, committed 1792K, reserved 1048576K
Event: 5.516 GC heap after
Heap after GC invocations=1 (full 0):
 PSYoungGen      total 9216K, used 1024K [0x00000000f6780000, 0x00000000f7180000, 0x0000000100000000)
  eden space 8192K, 0% used [0x00000000f6780000,0x00000000f6780000,0x00000000f6f80000)
  from space 1024K, 100% used [0x00000000f6f80000,0x00000000f7080000,0x00000000f7080000)
  to   space 1024K, 0% used [0x00000000f7080000,0x00000000f7080000,0x00000000f7180000)
 ParOldGen       total 20480K, used 1494K [0x00000000e3600000, 0x00000000e4a00000, 0x00000000f6780000)
  object space 20480K, 7% used [0x00000000e3600000,0x00000000e37759a0,0x00000000e4a00000)
 Metaspace       used 13295K, capacity 13548K, committed 13824K, reserved 1060864K
  class space    used 1666K, capacity 1740K, committed 1792K, reserved 1048576K
}
Event: 24.613 GC heap before
{Heap before GC invocations=2 (full 0):
 PSYoungGen      total 9216K, used 9216K [0x00000000f6780000, 0x00000000f7180000, 0x0000000100000000)
  eden space 8192K, 100% used [0x00000000f6780000,0x00000000f6f80000,0x00000000f6f80000)
  from space 1024K, 100% used [0x00000000f6f80000,0x00000000f7080000,0x00000000f7080000)
  to   space 1024K, 0% used [0x00000000f7080000,0x00000000f7080000,0x00000000f7180000)
 ParOldGen       total 20480K, used 1494K [0x00000000e3600000, 0x00000000e4a00000, 0x00000000f6780000)
  object space 20480K, 7% used [0x00000000e3600000,0x00000000e37759a0,0x00000000e4a00000)
 Metaspace       used 15410K, capacity 15638K, committed 15872K, reserved 1062912K
  class space    used 1918K, capacity 2007K, committed 2048K, reserved 1048576K
Event: 24.621 GC heap after
Heap after GC invocations=2 (full 0):
 PSYoungGen      total 9216K, used 1010K [0x00000000f6780000, 0x00000000f7180000, 0x0000000100000000)
  eden space 8192K, 0% used [0x00000000f6780000,0x00000000f6780000,0x00000000f6f80000)
  from space 1024K, 98% used [0x00000000f7080000,0x00000000f717c840,0x00000000f7180000)
  to   space 1024K, 0% used [0x00000000f6f80000,0x00000000f6f80000,0x00000000f7080000)
 ParOldGen       total 20480K, used 1931K [0x00000000e3600000, 0x00000000e4a00000, 0x00000000f6780000)
  object space 20480K, 9% used [0x00000000e3600000,0x00000000e37e2cb8,0x00000000e4a00000)
 Metaspace       used 15410K, capacity 15638K, committed 15872K, reserved 1062912K
  class space    used 1918K, capacity 2007K, committed 2048K, reserved 1048576K
}
Event: 31.014 GC heap before
{Heap before GC invocations=3 (full 0):
 PSYoungGen      total 9216K, used 9202K [0x00000000f6780000, 0x00000000f7180000, 0x0000000100000000)
  eden space 8192K, 100% used [0x00000000f6780000,0x00000000f6f80000,0x00000000f6f80000)
  from space 1024K, 98% used [0x00000000f7080000,0x00000000f717c840,0x00000000f7180000)
  to   space 1024K, 0% used [0x00000000f6f80000,0x00000000f6f80000,0x00000000f7080000)
 ParOldGen       total 20480K, used 1931K [0x00000000e3600000, 0x00000000e4a00000, 0x00000000f6780000)
  object space 20480K, 9% used [0x00000000e3600000,0x00000000e37e2cb8,0x00000000e4a00000)
 Metaspace       used 15465K, capacity 15702K, committed 15872K, reserved 1062912K
  class space    used 1918K, capacity 2007K, committed 2048K, reserved 1048576K
Event: 31.020 GC heap after
Heap after GC invocations=3 (full 0):
 PSYoungGen      total 9216K, used 1008K [0x00000000f6780000, 0x00000000f7180000, 0x0000000100000000)
  eden space 8192K, 0% used [0x00000000f6780000,0x00000000f6780000,0x00000000f6f80000)
  from space 1024K, 98% used [0x00000000f6f80000,0x00000000f707c030,0x00000000f7080000)
  to   space 1024K, 0% used [0x00000000f7080000,0x00000000f7080000,0x00000000f7180000)
 ParOldGen       total 20480K, used 1939K [0x00000000e3600000, 0x00000000e4a00000, 0x00000000f6780000)
  object space 20480K, 9% used [0x00000000e3600000,0x00000000e37e4cb8,0x00000000e4a00000)
 Metaspace       used 15465K, capacity 15702K, committed 15872K, reserved 1062912K
  class space    used 1918K, capacity 2007K, committed 2048K, reserved 1048576K
}
Event: 46.697 GC heap before
{Heap before GC invocations=4 (full 0):
 PSYoungGen      total 9216K, used 9200K [0x00000000f6780000, 0x00000000f7180000, 0x0000000100000000)
  eden space 8192K, 100% used [0x00000000f6780000,0x00000000f6f80000,0x00000000f6f80000)
  from space 1024K, 98% used [0x00000000f6f80000,0x00000000f707c030,0x00000000f7080000)
  to   space 1024K, 0% used [0x00000000f7080000,0x00000000f7080000,0x00000000f7180000)
 ParOldGen       total 20480K, used 1939K [0x00000000e3600000, 0x00000000e4a00000, 0x00000000f6780000)
  object space 20480K, 9% used [0x00000000e3600000,0x00000000e37e4cb8,0x00000000e4a00000)
 Metaspace       used 15554K, capacity 15766K, committed 16128K, reserved 1062912K
  class space    used 1918K, capacity 2007K, committed 2048K, reserved 1048576K
Event: 46.706 GC heap after
Heap after GC invocations=4 (full 0):
 PSYoungGen      total 9216K, used 1010K [0x00000000f6780000, 0x00000000f7180000, 0x0000000100000000)
  eden space 8192K, 0% used [0x00000000f6780000,0x00000000f6780000,0x00000000f6f80000)
  from space 1024K, 98% used [0x00000000f7080000,0x00000000f717c840,0x00000000f7180000)
  to   space 1024K, 0% used [0x00000000f6f80000,0x00000000f6f80000,0x00000000f7080000)
 ParOldGen       total 20480K, used 1939K [0x00000000e3600000, 0x00000000e4a00000, 0x00000000f6780000)
  object space 20480K, 9% used [0x00000000e3600000,0x00000000e37e4cb8,0x00000000e4a00000)
 Metaspace       used 15554K, capacity 15766K, committed 16128K, reserved 1062912K
  class space    used 1918K, capacity 2007K, committed 2048K, reserved 1048576K
}

