# JRE version: Java(TM) SE Runtime Environment (8.0_102-b14) (build 1.8.0_102-b14)
# Java VM: Java HotSpot(TM) 64-Bit Server VM (25.102-b14 mixed mode linux-amd64 compressed oops)
Heap:
 PSYoungGen      total 9216K, used 3912K [0x00000000f6780000, 0x00000000f7580000, 0x0000000100000000)
  eden space 8192K, 35% used [0x00000000f6780000,0x00000000f6a5d868,0x00000000f6f80000)
  from space 1024K, 95% used [0x00000000f6f80000,0x00000000f7074840,0x00000000f7080000)
  to   space 3072K, 0% used [0x00000000f7280000,0x00000000f7280000,0x00000000f7580000)
 ParOldGen       total 20480K, used 2231K [0x00000000e3600000, 0x00000000e4a00000, 0x00000000f6780000)
  object space 20480K, 10% used [0x00000000e3600000,0x00000000e382df98,0x00000000e4a00000)
 Metaspace       used 17169K, capacity 17394K, committed 17664K, reserved 1064960K
  class space    used 2102K, capacity 2203K, committed 2304K, reserved 1048576K
GC Heap History (10 events):
Event: 16.233 GC heap before
{Heap before GC invocations=1 (full 0):
 PSYoungGen      total 9216K, used 8192K [0x00000000f6780000, 0x00000000f7180000, 0x0000000100000000)
  eden space 8192K, 100% used [0x00000000f6780000,0x00000000f6f80000,0x00000000f6f80000)
  from space 1024K, 0% used [0x00000000f7080000,0x00000000f7080000,0x00000000f7180000)
  to   space 1024K, 0% used [0x00000000f6f80000,0x00000000f6f80000,0x00000000f7080000)
 ParOldGen       total 20480K, used 0K [0x00000000e3600000, 0x00000000e4a00000, 0x00000000f6780000)
  object space 20480K, 0% used [0x00000000e3600000,0x00000000e3600000,0x00000000e4a00000)
 Metaspace       used 13326K, capacity 13556K, committed 13824K, reserved 1060864K
  class space    used 1670K, capacity 1740K, committed 1792K, reserved 1048576K
Event: 16.350 GC heap after
Heap after GC invocations=1 (full 0):
 PSYoungGen      total 9216K, used 1024K [0x00000000f6780000, 0x00000000f7180000, 0x0000000100000000)
  eden space 8192K, 0% used [0x00000000f6780000,0x00000000f6780000,0x00000000f6f80000)
  from space 1024K, 100% used [0x00000000f6f80000,0x00000000f7080000,0x00000000f7080000)
  to   space 1024K, 0% used [0x00000000f7080000,0x00000000f7080000,0x00000000f7180000)
 ParOldGen       total 20480K, used 1466K [0x00000000e3600000, 0x00000000e4a00000, 0x00000000f6780000)
  object space 20480K, 7% used [0x00000000e3600000,0x00000000e376e840,0x00000000e4a00000)
 Metaspace       used 13326K, capacity 13556K, committed 13824K, reserved 1060864K
  class space    used 1670K, capacity 1740K, committed 1792K, reserved 1048576K
}
Event: 29.066 GC heap before
{Heap before GC invocations=2 (full 0):
 PSYoungGen      total 9216K, used 9216K [0x00000000f6780000, 0x00000000f7180000, 0x0000000100000000)
  eden space 8192K, 100% used [0x00000000f6780000,0x00000000f6f80000,0x00000000f6f80000)
  from space 1024K, 100% used [0x00000000f6f80000,0x00000000f7080000,0x00000000f7080000)
  to   space 1024K, 0% used [0x00000000f7080000,0x00000000f7080000,0x00000000f7180000)
 ParOldGen       total 20480K, used 1466K [0x00000000e3600000, 0x00000000e4a00000, 0x00000000f6780000)
  object space 20480K, 7% used [0x00000000e3600000,0x00000000e376e840,0x00000000e4a00000)
 Metaspace       used 16588K, capacity 16844K, committed 17024K, reserved 1064960K
  class space    used 2036K, capacity 2106K, committed 2176K, reserved 1048576K
Event: 29.168 GC heap after
Heap after GC invocations=2 (full 0):
 PSYoungGen      total 9216K, used 1024K [0x00000000f6780000, 0x00000000f7180000, 0x0000000100000000)
  eden space 8192K, 0% used [0x00000000f6780000,0x00000000f6780000,0x00000000f6f80000)
  from space 1024K, 100% used [0x00000000f7080000,0x00000000f7180000,0x00000000f7180000)
  to   space 1024K, 0% used [0x00000000f6f80000,0x00000000f6f80000,0x00000000f7080000)
 ParOldGen       total 20480K, used 1963K [0x00000000e3600000, 0x00000000e4a00000, 0x00000000f6780000)
  object space 20480K, 9% used [0x00000000e3600000,0x00000000e37eac50,0x00000000e4a00000)
 Metaspace       used 16588K, capacity 16844K, committed 17024K, reserved 1064960K
  class space    used 2036K, capacity 2106K, committed 2176K, reserved 1048576K
}
Event: 3082.824 GC heap before
{Heap before GC invocations=3 (full 0):
 PSYoungGen      total 9216K, used 9216K [0x00000000f6780000, 0x00000000f7180000, 0x0000000100000000)
  eden space 8192K, 100% used [0x00000000f6780000,0x00000000f6f80000,0x00000000f6f80000)
  from space 1024K, 100% used [0x00000000f7080000,0x00000000f7180000,0x00000000f7180000)
  to   space 1024K, 0% used [0x00000000f6f80000,0x00000000f6f80000,0x00000000f7080000)
 ParOldGen       total 20480K, used 1963K [0x00000000e3600000, 0x00000000e4a00000, 0x00000000f6780000)
  object space 20480K, 9% used [0x00000000e3600000,0x00000000e37eac50,0x00000000e4a00000)
 Metaspace       used 17080K, capacity 17330K, committed 17664K, reserved 1064960K
  class space    used 2102K, capacity 2203K, committed 2304K, reserved 1048576K
Event: 3082.831 GC heap after
Heap after GC invocations=3 (full 0):
 PSYoungGen      total 9216K, used 1008K [0x00000000f6780000, 0x00000000f7180000, 0x0000000100000000)
  eden space 8192K, 0% used [0x00000000f6780000,0x00000000f6780000,0x00000000f6f80000)
  from space 1024K, 98% used [0x00000000f6f80000,0x00000000f707c010,0x00000000f7080000)
  to   space 1024K, 0% used [0x00000000f7080000,0x00000000f7080000,0x00000000f7180000)
 ParOldGen       total 20480K, used 2215K [0x00000000e3600000, 0x00000000e4a00000, 0x00000000f6780000)
  object space 20480K, 10% used [0x00000000e3600000,0x00000000e3829f88,0x00000000e4a00000)
 Metaspace       used 17080K, capacity 17330K, committed 17664K, reserved 1064960K
  class space    used 2102K, capacity 2203K, committed 2304K, reserved 1048576K
}
Event: 3089.548 GC heap before
{Heap before GC invocations=4 (full 0):
 PSYoungGen      total 9216K, used 9200K [0x00000000f6780000, 0x00000000f7180000, 0x0000000100000000)
  eden space 8192K, 100% used [0x00000000f6780000,0x00000000f6f80000,0x00000000f6f80000)
  from space 1024K, 98% used [0x00000000f6f80000,0x00000000f707c010,0x00000000f7080000)
  to   space 1024K, 0% used [0x00000000f7080000,0x00000000f7080000,0x00000000f7180000)
 ParOldGen       total 20480K, used 2215K [0x00000000e3600000, 0x00000000e4a00000, 0x00000000f6780000)
  object space 20480K, 10% used [0x00000000e3600000,0x00000000e3829f88,0x00000000e4a00000)
 Metaspace       used 17101K, capacity 17330K, committed 17664K, reserved 1064960K
  class space    used 2102K, capacity 2203K, committed 2304K, reserved 1048576K
Event: 3089.555 GC heap after
Heap after GC invocations=4 (full 0):
 PSYoungGen      total 9216K, used 992K [0x00000000f6780000, 0x00000000f7180000, 0x0000000100000000)
  eden space 8192K, 0% used [0x00000000f6780000,0x00000000f6780000,0x00000000f6f80000)
  from space 1024K, 96% used [0x00000000f7080000,0x00000000f7178040,0x00000000f7180000)
  to   space 1024K, 0% used [0x00000000f6f80000,0x00000000f6f80000,0x00000000f7080000)
 ParOldGen       total 20480K, used 2231K [0x00000000e3600000, 0x00000000e4a00000, 0x00000000f6780000)
  object space 20480K, 10% used [0x00000000e3600000,0x00000000e382df98,0x00000000e4a00000)
 Metaspace       used 17101K, capacity 17330K, committed 17664K, reserved 1064960K
  class space    used 2102K, capacity 2203K, committed 2304K, reserved 1048576K
}
Event: 3103.004 GC heap before
{Heap before GC invocations=5 (full 0):
 PSYoungGen      total 9216K, used 9184K [0x00000000f6780000, 0x00000000f7180000, 0x0000000100000000)
  eden space 8192K, 100% used [0x00000000f6780000,0x00000000f6f80000,0x00000000f6f80000)
  from space 1024K, 96% used [0x00000000f7080000,0x00000000f7178040,0x00000000f7180000)
  to   space 1024K, 0% used [0x00000000f6f80000,0x00000000f6f80000,0x00000000f7080000)
 ParOldGen       total 20480K, used 2231K [0x00000000e3600000, 0x00000000e4a00000, 0x00000000f6780000)
  object space 20480K, 10% used [0x00000000e3600000,0x00000000e382df98,0x00000000e4a00000)
 Metaspace       used 17150K, capacity 17394K, committed 17664K, reserved 1064960K
  class space    used 2102K, capacity 2203K, committed 2304K, reserved 1048576K
Event: 3103.014 GC heap after
Heap after GC invocations=5 (full 0):
 PSYoungGen      total 9216K, used 978K [0x00000000f6780000, 0x00000000f7580000, 0x0000000100000000)
  eden space 8192K, 0% used [0x00000000f6780000,0x00000000f6780000,0x00000000f6f80000)
  from space 1024K, 95% used [0x00000000f6f80000,0x00000000f7074840,0x00000000f7080000)
  to   space 3072K, 0% used [0x00000000f7280000,0x00000000f7280000,0x00000000f7580000)
 ParOldGen       total 20480K, used 2231K [0x00000000e3600000, 0x00000000e4a00000, 0x00000000f6780000)
  object space 20480K, 10% used [0x00000000e3600000,0x00000000e382df98,0x00000000e4a00000)
 Metaspace       used 17150K, capacity 17394K, committed 17664K, reserved 1064960K
  class space    used 2102K, capacity 2203K, committed 2304K, reserved 1048576K
}

